<?xml version="1.0" encoding="UTF-8"?>
<testng-results ignored="0" total="1" passed="1" failed="0" skipped="0">
  <reporter-output>
  </reporter-output>
  <suite started-at="2023-02-16T19:24:28 IST" name="Default suite" finished-at="2023-02-16T19:24:54 IST" duration-ms="26074">
    <groups>
    </groups>
    <test started-at="2023-02-16T19:24:28 IST" name="Default test" finished-at="2023-02-16T19:24:54 IST" duration-ms="26074">
      <class name="flipkart.PlaceOrder">
        <test-method is-config="true" signature="setSystemProperty()[pri:0, instance:flipkart.PlaceOrder@10163d6]" started-at="2023-02-16T19:24:28 IST" name="setSystemProperty" finished-at="2023-02-16T19:24:34 IST" duration-ms="6180" status="PASS">
          <reporter-output>
          </reporter-output>
        </test-method> <!-- setSystemProperty -->
        <test-method signature="placeOrder()[pri:0, instance:flipkart.PlaceOrder@10163d6]" started-at="2023-02-16T19:24:34 IST" name="placeOrder" finished-at="2023-02-16T19:24:53 IST" duration-ms="19257" status="PASS">
          <reporter-output>
          </reporter-output>
        </test-method> <!-- placeOrder -->
        <test-method is-config="true" signature="tearDown()[pri:0, instance:flipkart.PlaceOrder@10163d6]" started-at="2023-02-16T19:24:53 IST" name="tearDown" finished-at="2023-02-16T19:24:54 IST" duration-ms="596" status="PASS">
          <reporter-output>
          </reporter-output>
        </test-method> <!-- tearDown -->
      </class> <!-- flipkart.PlaceOrder -->
    </test> <!-- Default test -->
  </suite> <!-- Default suite -->
</testng-results>
